<?xml version="1.0" encoding="UTF-8"?>
<!-- Generated by org.testng.reporters.JUnitReportReporter -->
<testsuite ignored="0" hostname="DESKTOP-AQ6SRBB" failures="0" tests="1" name="testcicd.testcicd.testclass" time="37.180" errors="0" timestamp="11 Nov 2023 06:18:46 GMT" skipped="0">
  <testcase classname="testcicd.testcicd.testclass" name="t" time="37.180"/>
</testsuite> <!-- testcicd.testcicd.testclass -->
