<?xml version="1.0" encoding="UTF-8"?>
<!-- Generated by org.testng.reporters.JUnitReportReporter -->
<testsuite ignored="0" hostname="DESKTOP-AQ6SRBB" failures="0" tests="1" name="testcicd.testcicd.AppTest" time="0.008" errors="0" timestamp="11 Nov 2023 04:44:16 GMT" skipped="0">
  <testcase classname="testcicd.testcicd.AppTest" name="shouldAnswerWithTrue" time="0.008"/>
</testsuite> <!-- testcicd.testcicd.AppTest -->
